malformation:CUI=C1319851
AVM:CUI=C1319851
malformations:CUI=C1319851
lesion:CUI=C1319851
lesions:CUI=C1319851
degeneration:CUI=C1319851
degenerative brain disorder:CUI=C1319851
atrophy:CUI=C1319851
CVA:CUI=C1319851
cerebral artery occlusion:CUI=C1319851
hemorrhage:CUI=C1319851
sclerosis:CUI=C1319851
cerebral edema:CUI=C1319851
cerebral ischemia:CUI=C1319851
glioma:CUI=C1319851
astrocytoma:CUI=C1319851
DNET:CUI=C1319851
tumor:CUI=C1319851
cavernoma:CUI=C1319851
hemangioma:CUI=C1319851
gliosis:CUI=C1319851
encephalomalacia:CUI=C1319851
cortical dysplasia:CUI=C1319851
abnormal signal:CUI=C1319851
signal intensity:CUI=C1319851
heterotopic grey matter:CUI=C1319851
white matter changes:CUI=C1319851
abnormalities:CUI=C1319851
abnormal MRI brain:CUI=C1319851
brain asymmetry:CUI=C1319851
signal abnormality:CUI=C1319851
signal intensity:CUI=C1319851
normal MRI:CUI=C1851913
normal brain MRI:CUI=C1851913
normal CT scan:CUI=C1851913
atrophyc changes:CUI=C1319851
abnormality:CUI=C1319851
glioma:CUI=C1319851
mass effect:CUI=C1319851
