spike:CUI=C0151611
spikes:CUI=C0151611
polyspike:CUI=C0151611
spike-wave:CUI=C0151611
epileptiform:CUI=C0151611
sharp:CUI=C0151611
poly-spike:CUI=C0151611
photosensitive:CUI=C0151611
burst suppression:CUI=C0151611
normal EEG:CUI=C0560017
unstable:CUI=C0151611
abnormal EEG:CUI=C0151611
epileptogenic:CUI=C0151611
abnormal:CUI=C0151611
EEG normal:CUI=C0560017
focus:CUI=C0151611
irregular:CUI=C0151611
failed to alter:CUI=C0560017
unremarkable:CUI=C0560017
paroxysms:CUI=C0151611
epileptic:CUI=C0151611
abnormality:CUI=C0151611
abnormalities:CUI=C0151611
did not capture any events:CUI=C0560017
left side slowing:CUI=C0151611
right side slowing:CUI=C0151611
focal slowing:CUI=C0151611
dysrhythmic:CUI=C0151611
generalised slowing:CUI=C0151611
